{"numFailedTestSuites":0,"numFailedTests":0,"numPassedTestSuites":1,"numPassedTests":1,"numPendingTestSuites":0,"numPendingTests":0,"numRuntimeErrorTestSuites":0,"numTodoTests":0,"numTotalTestSuites":1,"numTotalTests":1,"openHandles":[],"snapshot":{"added":0,"didUpdate":false,"failure":false,"filesAdded":0,"filesRemoved":0,"filesRemovedList":[],"filesUnmatched":0,"filesUpdated":0,"matched":0,"total":0,"unchecked":0,"uncheckedKeysByFile":[],"unmatched":0,"updated":0},"startTime":1587910370365,"success":true,"testResults":[{"assertionResults":[{"ancestorTitles":["test"],"failureMessages":[],"fullName":"test test","location":null,"status":"passed","title":"test"}],"endTime":1587910371482,"message":"","name":"/Users/toli/Sites/storybook-jest/src/App.test.js","startTime":1587910370863,"status":"passed","summary":""}],"wasInterrupted":false}